生成启动时间为 2017/7/14 10:28:58。
     1>项目“C:\Users\Administrator\Desktop\Att_ekf_related_function\Att_ekf_related_function\Att_ekf_related_function.vcxproj”在节点 2 上(Build 个目标)。
     1>InitializeBuildStatus:
         正在创建“Debug\Att_ekf_related_function.unsuccessfulbuild”，因为已指定“AlwaysCreate”。
       ClCompile:
         D:\Program Files (x86)\Microsoft Visual Studio 11.0\VC\bin\CL.exe /c /ZI /nologo /W3 /WX- /Od /Oy- /D _MBCS /Gm /EHsc /RTC1 /MDd /GS /fp:precise /Zc:wchar_t /Zc:forScope /Fo"Debug\\" /Fd"Debug\vc110.pdb" /Gd /TC /analyze- /errorReport:prompt eul2quatf.c hampel11.c main.c mu_att_ekf.c quat2eulf.c tu_att_ekf.c
         tu_att_ekf.c
         quat2eulf.c
         mu_att_ekf.c
         main.c
         hampel11.c
         eul2quatf.c
         正在生成代码...
       Link:
         D:\Program Files (x86)\Microsoft Visual Studio 11.0\VC\bin\link.exe /ERRORREPORT:PROMPT /OUT:"C:\Users\Administrator\Desktop\Att_ekf_related_function\Debug\Att_ekf_related_function.exe" /INCREMENTAL /NOLOGO kernel32.lib user32.lib gdi32.lib winspool.lib comdlg32.lib advapi32.lib shell32.lib ole32.lib oleaut32.lib uuid.lib odbc32.lib odbccp32.lib /MANIFEST /MANIFESTUAC:"level='asInvoker' uiAccess='false'" /manifest:embed /DEBUG /PDB:"C:\Users\Administrator\Desktop\Att_ekf_related_function\Debug\Att_ekf_related_function.pdb" /TLBID:1 /DYNAMICBASE /NXCOMPAT /IMPLIB:"C:\Users\Administrator\Desktop\Att_ekf_related_function\Debug\Att_ekf_related_function.lib" /MACHINE:X86 Debug\eul2quatf.obj
         Debug\hampel11.obj
         Debug\main.obj
         Debug\mu_att_ekf.obj
         Debug\quat2eulf.obj
         Debug\tu_att_ekf.obj
         Att_ekf_related_function.vcxproj -> C:\Users\Administrator\Desktop\Att_ekf_related_function\Debug\Att_ekf_related_function.exe
       FinalizeBuildStatus:
         正在删除文件“Debug\Att_ekf_related_function.unsuccessfulbuild”。
         正在对“Debug\Att_ekf_related_function.lastbuildstate”执行 Touch 任务。
     1>已完成生成项目“C:\Users\Administrator\Desktop\Att_ekf_related_function\Att_ekf_related_function\Att_ekf_related_function.vcxproj”(Build 个目标)的操作。

生成成功。

已用时间 00:00:02.29
